2023-06-23 18:52:19,451:WARNING:/Users/rahulmuppavarapu/Downloads/Flask/API/tennis_api.py:13: DtypeWarning: Columns (28,29) have mixed types. Specify dtype option on import or set low_memory=False.
  matches = pd.read_csv('jun-23-2023-matches.csv')

2023-06-23 18:52:28,214:WARNING:/Users/rahulmuppavarapu/Downloads/Flask/API/tennis_api.py:13: DtypeWarning: Columns (28,29) have mixed types. Specify dtype option on import or set low_memory=False.
  matches = pd.read_csv('jun-23-2023-matches.csv')

2023-06-23 18:54:54,221:WARNING:/Users/rahulmuppavarapu/Downloads/Flask/API/tennis_api.py:14: DtypeWarning: Columns (28,29) have mixed types. Specify dtype option on import or set low_memory=False.
  matches = pd.read_csv('jun-23-2023-matches.csv')

2023-06-23 18:55:02,030:WARNING:/Users/rahulmuppavarapu/Downloads/Flask/API/tennis_api.py:14: DtypeWarning: Columns (28,29) have mixed types. Specify dtype option on import or set low_memory=False.
  matches = pd.read_csv('jun-23-2023-matches.csv')

2023-06-23 18:56:23,962:WARNING:/Users/rahulmuppavarapu/Downloads/Flask/API/tennis_api.py:15: DtypeWarning: Columns (28,29) have mixed types. Specify dtype option on import or set low_memory=False.
  matches = pd.read_csv('jun-23-2023-matches.csv')

2023-06-23 18:56:24,030:WARNING:/Users/rahulmuppavarapu/opt/miniconda3/envs/flaskenv/lib/python3.11/site-packages/pycaret/internal/pipeline.py:135: UserWarning: Version mismatch:
current: {'deps_info': {'pip': '23.1.2', 'setuptools': '67.8.0', 'pycaret': '3.0.2', 'IPython': 'Not installed', 'ipywidgets': 'Not installed', 'tqdm': 'Not installed', 'numpy': '1.25.0', 'pandas': '2.0.2', 'jinja2': '3.1.2', 'scipy': '1.10.1', 'joblib': '1.2.0', 'sklearn': '1.2.2', 'pyod': 'Not installed', 'imblearn': '0.10.1', 'category_encoders': 'Not installed', 'lightgbm': 'Not installed', 'numba': 'Not installed', 'requests': 'Not installed', 'matplotlib': 'Not installed', 'scikitplot': 'Not installed', 'yellowbrick': 'Not installed', 'plotly': 'Not installed', 'kaleido': 'Not installed', 'statsmodels': 'Not installed', 'sktime': 'Not installed', 'tbats': 'Not installed', 'pmdarima': 'Not installed', 'psutil': 'Not installed'}, 'python': {'version': '3.11.3', 'machine': 'arm64'}}
pickle: {'deps_info': {'pip': '23.1.2', 'setuptools': '67.7.2', 'pycaret': '3.0.2', 'IPython': '7.34.0', 'ipywidgets': '7.7.1', 'tqdm': '4.65.0', 'numpy': '1.22.4', 'pandas': '1.5.3', 'jinja2': '3.1.2', 'scipy': '1.10.1', 'joblib': '1.2.0', 'sklearn': '1.2.2', 'pyod': '1.0.9', 'imblearn': '0.10.1', 'category_encoders': '2.6.1', 'lightgbm': '3.3.5', 'numba': '0.56.4', 'requests': '2.27.1', 'matplotlib': '3.7.1', 'scikitplot': '0.3.7', 'yellowbrick': '1.5', 'plotly': '5.13.1', 'kaleido': '0.2.1', 'statsmodels': '0.13.5', 'sktime': '0.17.0', 'tbats': '1.1.3', 'pmdarima': '2.0.3', 'psutil': '5.9.5'}, 'python': {'version': '3.10.12', 'machine': 'x86_64'}}
  warnings.warn(

2023-06-23 18:56:25,339:WARNING:/Users/rahulmuppavarapu/Downloads/Flask/API/tennis_api.py:15: DtypeWarning: Columns (28,29) have mixed types. Specify dtype option on import or set low_memory=False.
  matches = pd.read_csv('jun-23-2023-matches.csv')

2023-06-23 18:56:25,358:WARNING:/Users/rahulmuppavarapu/opt/miniconda3/envs/flaskenv/lib/python3.11/site-packages/pycaret/internal/pipeline.py:135: UserWarning: Version mismatch:
current: {'deps_info': {'pip': '23.1.2', 'setuptools': '67.8.0', 'pycaret': '3.0.2', 'IPython': 'Not installed', 'ipywidgets': 'Not installed', 'tqdm': 'Not installed', 'numpy': '1.25.0', 'pandas': '2.0.2', 'jinja2': '3.1.2', 'scipy': '1.10.1', 'joblib': '1.2.0', 'sklearn': '1.2.2', 'pyod': 'Not installed', 'imblearn': '0.10.1', 'category_encoders': 'Not installed', 'lightgbm': 'Not installed', 'numba': 'Not installed', 'requests': 'Not installed', 'matplotlib': 'Not installed', 'scikitplot': 'Not installed', 'yellowbrick': 'Not installed', 'plotly': 'Not installed', 'kaleido': 'Not installed', 'statsmodels': 'Not installed', 'sktime': 'Not installed', 'tbats': 'Not installed', 'pmdarima': 'Not installed', 'psutil': 'Not installed'}, 'python': {'version': '3.11.3', 'machine': 'arm64'}}
pickle: {'deps_info': {'pip': '23.1.2', 'setuptools': '67.7.2', 'pycaret': '3.0.2', 'IPython': '7.34.0', 'ipywidgets': '7.7.1', 'tqdm': '4.65.0', 'numpy': '1.22.4', 'pandas': '1.5.3', 'jinja2': '3.1.2', 'scipy': '1.10.1', 'joblib': '1.2.0', 'sklearn': '1.2.2', 'pyod': '1.0.9', 'imblearn': '0.10.1', 'category_encoders': '2.6.1', 'lightgbm': '3.3.5', 'numba': '0.56.4', 'requests': '2.27.1', 'matplotlib': '3.7.1', 'scikitplot': '0.3.7', 'yellowbrick': '1.5', 'plotly': '5.13.1', 'kaleido': '0.2.1', 'statsmodels': '0.13.5', 'sktime': '0.17.0', 'tbats': '1.1.3', 'pmdarima': '2.0.3', 'psutil': '5.9.5'}, 'python': {'version': '3.10.12', 'machine': 'x86_64'}}
  warnings.warn(

2023-06-23 18:56:31,160:WARNING:/Users/rahulmuppavarapu/Downloads/Flask/API/tennis_api.py:15: DtypeWarning: Columns (28,29) have mixed types. Specify dtype option on import or set low_memory=False.
  matches = pd.read_csv('jun-23-2023-matches.csv')

2023-06-23 18:56:31,182:WARNING:/Users/rahulmuppavarapu/opt/miniconda3/envs/flaskenv/lib/python3.11/site-packages/pycaret/internal/pipeline.py:135: UserWarning: Version mismatch:
current: {'deps_info': {'pip': '23.1.2', 'setuptools': '67.8.0', 'pycaret': '3.0.2', 'IPython': 'Not installed', 'ipywidgets': 'Not installed', 'tqdm': 'Not installed', 'numpy': '1.25.0', 'pandas': '2.0.2', 'jinja2': '3.1.2', 'scipy': '1.10.1', 'joblib': '1.2.0', 'sklearn': '1.2.2', 'pyod': 'Not installed', 'imblearn': '0.10.1', 'category_encoders': 'Not installed', 'lightgbm': 'Not installed', 'numba': 'Not installed', 'requests': 'Not installed', 'matplotlib': 'Not installed', 'scikitplot': 'Not installed', 'yellowbrick': 'Not installed', 'plotly': 'Not installed', 'kaleido': 'Not installed', 'statsmodels': 'Not installed', 'sktime': 'Not installed', 'tbats': 'Not installed', 'pmdarima': 'Not installed', 'psutil': 'Not installed'}, 'python': {'version': '3.11.3', 'machine': 'arm64'}}
pickle: {'deps_info': {'pip': '23.1.2', 'setuptools': '67.7.2', 'pycaret': '3.0.2', 'IPython': '7.34.0', 'ipywidgets': '7.7.1', 'tqdm': '4.65.0', 'numpy': '1.22.4', 'pandas': '1.5.3', 'jinja2': '3.1.2', 'scipy': '1.10.1', 'joblib': '1.2.0', 'sklearn': '1.2.2', 'pyod': '1.0.9', 'imblearn': '0.10.1', 'category_encoders': '2.6.1', 'lightgbm': '3.3.5', 'numba': '0.56.4', 'requests': '2.27.1', 'matplotlib': '3.7.1', 'scikitplot': '0.3.7', 'yellowbrick': '1.5', 'plotly': '5.13.1', 'kaleido': '0.2.1', 'statsmodels': '0.13.5', 'sktime': '0.17.0', 'tbats': '1.1.3', 'pmdarima': '2.0.3', 'psutil': '5.9.5'}, 'python': {'version': '3.10.12', 'machine': 'x86_64'}}
  warnings.warn(

2023-06-23 18:57:43,723:WARNING:/Users/rahulmuppavarapu/Downloads/Flask/API/tennis_api.py:15: DtypeWarning: Columns (28,29) have mixed types. Specify dtype option on import or set low_memory=False.
  matches = pd.read_csv('jun-23-2023-matches.csv')

2023-06-23 18:57:43,758:WARNING:/Users/rahulmuppavarapu/opt/miniconda3/envs/flaskenv/lib/python3.11/site-packages/pycaret/internal/pipeline.py:135: UserWarning: Version mismatch:
current: {'deps_info': {'pip': '23.1.2', 'setuptools': '67.8.0', 'pycaret': '3.0.2', 'IPython': 'Not installed', 'ipywidgets': 'Not installed', 'tqdm': 'Not installed', 'numpy': '1.25.0', 'pandas': '2.0.2', 'jinja2': '3.1.2', 'scipy': '1.10.1', 'joblib': '1.2.0', 'sklearn': '1.2.2', 'pyod': 'Not installed', 'imblearn': '0.10.1', 'category_encoders': 'Not installed', 'lightgbm': 'Not installed', 'numba': 'Not installed', 'requests': 'Not installed', 'matplotlib': 'Not installed', 'scikitplot': 'Not installed', 'yellowbrick': 'Not installed', 'plotly': 'Not installed', 'kaleido': 'Not installed', 'statsmodels': 'Not installed', 'sktime': 'Not installed', 'tbats': 'Not installed', 'pmdarima': 'Not installed', 'psutil': 'Not installed'}, 'python': {'version': '3.11.3', 'machine': 'arm64'}}
pickle: {'deps_info': {'pip': '23.1.2', 'setuptools': '67.7.2', 'pycaret': '3.0.2', 'IPython': '7.34.0', 'ipywidgets': '7.7.1', 'tqdm': '4.65.0', 'numpy': '1.22.4', 'pandas': '1.5.3', 'jinja2': '3.1.2', 'scipy': '1.10.1', 'joblib': '1.2.0', 'sklearn': '1.2.2', 'pyod': '1.0.9', 'imblearn': '0.10.1', 'category_encoders': '2.6.1', 'lightgbm': '3.3.5', 'numba': '0.56.4', 'requests': '2.27.1', 'matplotlib': '3.7.1', 'scikitplot': '0.3.7', 'yellowbrick': '1.5', 'plotly': '5.13.1', 'kaleido': '0.2.1', 'statsmodels': '0.13.5', 'sktime': '0.17.0', 'tbats': '1.1.3', 'pmdarima': '2.0.3', 'psutil': '5.9.5'}, 'python': {'version': '3.10.12', 'machine': 'x86_64'}}
  warnings.warn(

2023-06-23 19:01:25,961:WARNING:/Users/rahulmuppavarapu/Downloads/Flask/API/tennis_api.py:15: DtypeWarning: Columns (28,29) have mixed types. Specify dtype option on import or set low_memory=False.
  matches = pd.read_csv('jun-23-2023-matches.csv')

2023-06-23 19:01:26,017:WARNING:/Users/rahulmuppavarapu/opt/miniconda3/envs/flaskenv/lib/python3.11/site-packages/pycaret/internal/pipeline.py:135: UserWarning: Version mismatch:
current: {'deps_info': {'pip': '23.1.2', 'setuptools': '67.8.0', 'pycaret': '3.0.2', 'IPython': 'Not installed', 'ipywidgets': 'Not installed', 'tqdm': 'Not installed', 'numpy': '1.25.0', 'pandas': '2.0.2', 'jinja2': '3.1.2', 'scipy': '1.10.1', 'joblib': '1.2.0', 'sklearn': '1.2.2', 'pyod': 'Not installed', 'imblearn': '0.10.1', 'category_encoders': 'Not installed', 'lightgbm': 'Not installed', 'numba': 'Not installed', 'requests': 'Not installed', 'matplotlib': 'Not installed', 'scikitplot': 'Not installed', 'yellowbrick': 'Not installed', 'plotly': 'Not installed', 'kaleido': 'Not installed', 'statsmodels': 'Not installed', 'sktime': 'Not installed', 'tbats': 'Not installed', 'pmdarima': 'Not installed', 'psutil': 'Not installed'}, 'python': {'version': '3.11.3', 'machine': 'arm64'}}
pickle: {'deps_info': {'pip': '23.1.2', 'setuptools': '67.7.2', 'pycaret': '3.0.2', 'IPython': '7.34.0', 'ipywidgets': '7.7.1', 'tqdm': '4.65.0', 'numpy': '1.22.4', 'pandas': '1.5.3', 'jinja2': '3.1.2', 'scipy': '1.10.1', 'joblib': '1.2.0', 'sklearn': '1.2.2', 'pyod': '1.0.9', 'imblearn': '0.10.1', 'category_encoders': '2.6.1', 'lightgbm': '3.3.5', 'numba': '0.56.4', 'requests': '2.27.1', 'matplotlib': '3.7.1', 'scikitplot': '0.3.7', 'yellowbrick': '1.5', 'plotly': '5.13.1', 'kaleido': '0.2.1', 'statsmodels': '0.13.5', 'sktime': '0.17.0', 'tbats': '1.1.3', 'pmdarima': '2.0.3', 'psutil': '5.9.5'}, 'python': {'version': '3.10.12', 'machine': 'x86_64'}}
  warnings.warn(

2023-06-23 19:01:33,584:WARNING:/Users/rahulmuppavarapu/Downloads/Flask/API/tennis_api.py:15: DtypeWarning: Columns (28,29) have mixed types. Specify dtype option on import or set low_memory=False.
  matches = pd.read_csv('jun-23-2023-matches.csv')

2023-06-23 19:01:33,614:WARNING:/Users/rahulmuppavarapu/opt/miniconda3/envs/flaskenv/lib/python3.11/site-packages/pycaret/internal/pipeline.py:135: UserWarning: Version mismatch:
current: {'deps_info': {'pip': '23.1.2', 'setuptools': '67.8.0', 'pycaret': '3.0.2', 'IPython': 'Not installed', 'ipywidgets': 'Not installed', 'tqdm': 'Not installed', 'numpy': '1.25.0', 'pandas': '2.0.2', 'jinja2': '3.1.2', 'scipy': '1.10.1', 'joblib': '1.2.0', 'sklearn': '1.2.2', 'pyod': 'Not installed', 'imblearn': '0.10.1', 'category_encoders': 'Not installed', 'lightgbm': 'Not installed', 'numba': 'Not installed', 'requests': 'Not installed', 'matplotlib': 'Not installed', 'scikitplot': 'Not installed', 'yellowbrick': 'Not installed', 'plotly': 'Not installed', 'kaleido': 'Not installed', 'statsmodels': 'Not installed', 'sktime': 'Not installed', 'tbats': 'Not installed', 'pmdarima': 'Not installed', 'psutil': 'Not installed'}, 'python': {'version': '3.11.3', 'machine': 'arm64'}}
pickle: {'deps_info': {'pip': '23.1.2', 'setuptools': '67.7.2', 'pycaret': '3.0.2', 'IPython': '7.34.0', 'ipywidgets': '7.7.1', 'tqdm': '4.65.0', 'numpy': '1.22.4', 'pandas': '1.5.3', 'jinja2': '3.1.2', 'scipy': '1.10.1', 'joblib': '1.2.0', 'sklearn': '1.2.2', 'pyod': '1.0.9', 'imblearn': '0.10.1', 'category_encoders': '2.6.1', 'lightgbm': '3.3.5', 'numba': '0.56.4', 'requests': '2.27.1', 'matplotlib': '3.7.1', 'scikitplot': '0.3.7', 'yellowbrick': '1.5', 'plotly': '5.13.1', 'kaleido': '0.2.1', 'statsmodels': '0.13.5', 'sktime': '0.17.0', 'tbats': '1.1.3', 'pmdarima': '2.0.3', 'psutil': '5.9.5'}, 'python': {'version': '3.10.12', 'machine': 'x86_64'}}
  warnings.warn(

2023-06-23 19:01:49,743:WARNING:/Users/rahulmuppavarapu/Downloads/Flask/API/tennis_api.py:15: DtypeWarning: Columns (28,29) have mixed types. Specify dtype option on import or set low_memory=False.
  matches = pd.read_csv('jun-23-2023-matches.csv')

2023-06-23 19:01:49,766:WARNING:/Users/rahulmuppavarapu/opt/miniconda3/envs/flaskenv/lib/python3.11/site-packages/pycaret/internal/pipeline.py:135: UserWarning: Version mismatch:
current: {'deps_info': {'pip': '23.1.2', 'setuptools': '67.8.0', 'pycaret': '3.0.2', 'IPython': 'Not installed', 'ipywidgets': 'Not installed', 'tqdm': 'Not installed', 'numpy': '1.25.0', 'pandas': '2.0.2', 'jinja2': '3.1.2', 'scipy': '1.10.1', 'joblib': '1.2.0', 'sklearn': '1.2.2', 'pyod': 'Not installed', 'imblearn': '0.10.1', 'category_encoders': 'Not installed', 'lightgbm': 'Not installed', 'numba': 'Not installed', 'requests': 'Not installed', 'matplotlib': 'Not installed', 'scikitplot': 'Not installed', 'yellowbrick': 'Not installed', 'plotly': 'Not installed', 'kaleido': 'Not installed', 'statsmodels': 'Not installed', 'sktime': 'Not installed', 'tbats': 'Not installed', 'pmdarima': 'Not installed', 'psutil': 'Not installed'}, 'python': {'version': '3.11.3', 'machine': 'arm64'}}
pickle: {'deps_info': {'pip': '23.1.2', 'setuptools': '67.7.2', 'pycaret': '3.0.2', 'IPython': '7.34.0', 'ipywidgets': '7.7.1', 'tqdm': '4.65.0', 'numpy': '1.22.4', 'pandas': '1.5.3', 'jinja2': '3.1.2', 'scipy': '1.10.1', 'joblib': '1.2.0', 'sklearn': '1.2.2', 'pyod': '1.0.9', 'imblearn': '0.10.1', 'category_encoders': '2.6.1', 'lightgbm': '3.3.5', 'numba': '0.56.4', 'requests': '2.27.1', 'matplotlib': '3.7.1', 'scikitplot': '0.3.7', 'yellowbrick': '1.5', 'plotly': '5.13.1', 'kaleido': '0.2.1', 'statsmodels': '0.13.5', 'sktime': '0.17.0', 'tbats': '1.1.3', 'pmdarima': '2.0.3', 'psutil': '5.9.5'}, 'python': {'version': '3.10.12', 'machine': 'x86_64'}}
  warnings.warn(

2023-06-23 19:01:57,711:WARNING:/Users/rahulmuppavarapu/Downloads/Flask/API/tennis_api.py:15: DtypeWarning: Columns (28,29) have mixed types. Specify dtype option on import or set low_memory=False.
  matches = pd.read_csv('jun-23-2023-matches.csv')

2023-06-23 19:01:57,747:WARNING:/Users/rahulmuppavarapu/opt/miniconda3/envs/flaskenv/lib/python3.11/site-packages/pycaret/internal/pipeline.py:135: UserWarning: Version mismatch:
current: {'deps_info': {'pip': '23.1.2', 'setuptools': '67.8.0', 'pycaret': '3.0.2', 'IPython': 'Not installed', 'ipywidgets': 'Not installed', 'tqdm': 'Not installed', 'numpy': '1.25.0', 'pandas': '2.0.2', 'jinja2': '3.1.2', 'scipy': '1.10.1', 'joblib': '1.2.0', 'sklearn': '1.2.2', 'pyod': 'Not installed', 'imblearn': '0.10.1', 'category_encoders': 'Not installed', 'lightgbm': 'Not installed', 'numba': 'Not installed', 'requests': 'Not installed', 'matplotlib': 'Not installed', 'scikitplot': 'Not installed', 'yellowbrick': 'Not installed', 'plotly': 'Not installed', 'kaleido': 'Not installed', 'statsmodels': 'Not installed', 'sktime': 'Not installed', 'tbats': 'Not installed', 'pmdarima': 'Not installed', 'psutil': 'Not installed'}, 'python': {'version': '3.11.3', 'machine': 'arm64'}}
pickle: {'deps_info': {'pip': '23.1.2', 'setuptools': '67.7.2', 'pycaret': '3.0.2', 'IPython': '7.34.0', 'ipywidgets': '7.7.1', 'tqdm': '4.65.0', 'numpy': '1.22.4', 'pandas': '1.5.3', 'jinja2': '3.1.2', 'scipy': '1.10.1', 'joblib': '1.2.0', 'sklearn': '1.2.2', 'pyod': '1.0.9', 'imblearn': '0.10.1', 'category_encoders': '2.6.1', 'lightgbm': '3.3.5', 'numba': '0.56.4', 'requests': '2.27.1', 'matplotlib': '3.7.1', 'scikitplot': '0.3.7', 'yellowbrick': '1.5', 'plotly': '5.13.1', 'kaleido': '0.2.1', 'statsmodels': '0.13.5', 'sktime': '0.17.0', 'tbats': '1.1.3', 'pmdarima': '2.0.3', 'psutil': '5.9.5'}, 'python': {'version': '3.10.12', 'machine': 'x86_64'}}
  warnings.warn(

2023-06-23 19:10:15,843:WARNING:/Users/rahulmuppavarapu/Downloads/Flask/API/tennis_api.py:15: DtypeWarning: Columns (28,29) have mixed types. Specify dtype option on import or set low_memory=False.
  matches = pd.read_csv('jun-23-2023-matches.csv')

2023-06-23 19:10:15,889:WARNING:/Users/rahulmuppavarapu/opt/miniconda3/envs/flaskenv/lib/python3.11/site-packages/pycaret/internal/pipeline.py:135: UserWarning: Version mismatch:
current: {'deps_info': {'pip': '23.1.2', 'setuptools': '67.8.0', 'pycaret': '3.0.2', 'IPython': 'Not installed', 'ipywidgets': 'Not installed', 'tqdm': 'Not installed', 'numpy': '1.25.0', 'pandas': '2.0.2', 'jinja2': '3.1.2', 'scipy': '1.10.1', 'joblib': '1.2.0', 'sklearn': '1.2.2', 'pyod': 'Not installed', 'imblearn': '0.10.1', 'category_encoders': 'Not installed', 'lightgbm': 'Not installed', 'numba': 'Not installed', 'requests': 'Not installed', 'matplotlib': 'Not installed', 'scikitplot': 'Not installed', 'yellowbrick': 'Not installed', 'plotly': 'Not installed', 'kaleido': 'Not installed', 'statsmodels': 'Not installed', 'sktime': 'Not installed', 'tbats': 'Not installed', 'pmdarima': 'Not installed', 'psutil': 'Not installed'}, 'python': {'version': '3.11.3', 'machine': 'arm64'}}
pickle: {'deps_info': {'pip': '23.1.2', 'setuptools': '67.7.2', 'pycaret': '3.0.2', 'IPython': '7.34.0', 'ipywidgets': '7.7.1', 'tqdm': '4.65.0', 'numpy': '1.22.4', 'pandas': '1.5.3', 'jinja2': '3.1.2', 'scipy': '1.10.1', 'joblib': '1.2.0', 'sklearn': '1.2.2', 'pyod': '1.0.9', 'imblearn': '0.10.1', 'category_encoders': '2.6.1', 'lightgbm': '3.3.5', 'numba': '0.56.4', 'requests': '2.27.1', 'matplotlib': '3.7.1', 'scikitplot': '0.3.7', 'yellowbrick': '1.5', 'plotly': '5.13.1', 'kaleido': '0.2.1', 'statsmodels': '0.13.5', 'sktime': '0.17.0', 'tbats': '1.1.3', 'pmdarima': '2.0.3', 'psutil': '5.9.5'}, 'python': {'version': '3.10.12', 'machine': 'x86_64'}}
  warnings.warn(

2023-06-23 20:31:08,896:WARNING:/Users/rahulmuppavarapu/Downloads/Flask/API/tennis_api.py:15: DtypeWarning: Columns (28,29) have mixed types. Specify dtype option on import or set low_memory=False.
  matches = pd.read_csv('jun-23-2023-matches.csv')

2023-06-23 20:31:09,231:WARNING:/Users/rahulmuppavarapu/opt/miniconda3/envs/flaskenv/lib/python3.11/site-packages/pycaret/internal/pipeline.py:135: UserWarning: Version mismatch:
current: {'deps_info': {'pip': '23.1.2', 'setuptools': '67.8.0', 'pycaret': '3.0.2', 'IPython': 'Not installed', 'ipywidgets': 'Not installed', 'tqdm': 'Not installed', 'numpy': '1.25.0', 'pandas': '2.0.2', 'jinja2': '3.1.2', 'scipy': '1.10.1', 'joblib': '1.2.0', 'sklearn': '1.2.2', 'pyod': 'Not installed', 'imblearn': '0.10.1', 'category_encoders': 'Not installed', 'lightgbm': 'Not installed', 'numba': 'Not installed', 'requests': 'Not installed', 'matplotlib': 'Not installed', 'scikitplot': 'Not installed', 'yellowbrick': 'Not installed', 'plotly': 'Not installed', 'kaleido': 'Not installed', 'statsmodels': 'Not installed', 'sktime': 'Not installed', 'tbats': 'Not installed', 'pmdarima': 'Not installed', 'psutil': 'Not installed'}, 'python': {'version': '3.11.3', 'machine': 'arm64'}}
pickle: {'deps_info': {'pip': '23.1.2', 'setuptools': '67.7.2', 'pycaret': '3.0.2', 'IPython': '7.34.0', 'ipywidgets': '7.7.1', 'tqdm': '4.65.0', 'numpy': '1.22.4', 'pandas': '1.5.3', 'jinja2': '3.1.2', 'scipy': '1.10.1', 'joblib': '1.2.0', 'sklearn': '1.2.2', 'pyod': '1.0.9', 'imblearn': '0.10.1', 'category_encoders': '2.6.1', 'lightgbm': '3.3.5', 'numba': '0.56.4', 'requests': '2.27.1', 'matplotlib': '3.7.1', 'scikitplot': '0.3.7', 'yellowbrick': '1.5', 'plotly': '5.13.1', 'kaleido': '0.2.1', 'statsmodels': '0.13.5', 'sktime': '0.17.0', 'tbats': '1.1.3', 'pmdarima': '2.0.3', 'psutil': '5.9.5'}, 'python': {'version': '3.10.12', 'machine': 'x86_64'}}
  warnings.warn(

2023-06-23 20:33:52,653:WARNING:/Users/rahulmuppavarapu/Downloads/Flask/API/tennis_api.py:15: DtypeWarning: Columns (28,29) have mixed types. Specify dtype option on import or set low_memory=False.
  matches = pd.read_csv('jun-23-2023-matches.csv')

2023-06-23 20:33:52,696:WARNING:/Users/rahulmuppavarapu/opt/miniconda3/envs/flaskenv/lib/python3.11/site-packages/pycaret/internal/pipeline.py:135: UserWarning: Version mismatch:
current: {'deps_info': {'pip': '23.1.2', 'setuptools': '67.8.0', 'pycaret': '3.0.2', 'IPython': 'Not installed', 'ipywidgets': 'Not installed', 'tqdm': 'Not installed', 'numpy': '1.25.0', 'pandas': '2.0.2', 'jinja2': '3.1.2', 'scipy': '1.10.1', 'joblib': '1.2.0', 'sklearn': '1.2.2', 'pyod': 'Not installed', 'imblearn': '0.10.1', 'category_encoders': 'Not installed', 'lightgbm': 'Not installed', 'numba': 'Not installed', 'requests': 'Not installed', 'matplotlib': 'Not installed', 'scikitplot': 'Not installed', 'yellowbrick': 'Not installed', 'plotly': 'Not installed', 'kaleido': 'Not installed', 'statsmodels': 'Not installed', 'sktime': 'Not installed', 'tbats': 'Not installed', 'pmdarima': 'Not installed', 'psutil': 'Not installed'}, 'python': {'version': '3.11.3', 'machine': 'arm64'}}
pickle: {'deps_info': {'pip': '23.1.2', 'setuptools': '67.7.2', 'pycaret': '3.0.2', 'IPython': '7.34.0', 'ipywidgets': '7.7.1', 'tqdm': '4.65.0', 'numpy': '1.22.4', 'pandas': '1.5.3', 'jinja2': '3.1.2', 'scipy': '1.10.1', 'joblib': '1.2.0', 'sklearn': '1.2.2', 'pyod': '1.0.9', 'imblearn': '0.10.1', 'category_encoders': '2.6.1', 'lightgbm': '3.3.5', 'numba': '0.56.4', 'requests': '2.27.1', 'matplotlib': '3.7.1', 'scikitplot': '0.3.7', 'yellowbrick': '1.5', 'plotly': '5.13.1', 'kaleido': '0.2.1', 'statsmodels': '0.13.5', 'sktime': '0.17.0', 'tbats': '1.1.3', 'pmdarima': '2.0.3', 'psutil': '5.9.5'}, 'python': {'version': '3.10.12', 'machine': 'x86_64'}}
  warnings.warn(

2023-06-23 21:04:13,931:WARNING:/Users/rahulmuppavarapu/Downloads/Flask/API/tennis_api.py:15: DtypeWarning: Columns (28,29) have mixed types. Specify dtype option on import or set low_memory=False.
  matches = pd.read_csv('jun-23-2023-matches.csv')

2023-06-23 21:04:14,025:WARNING:/Users/rahulmuppavarapu/opt/miniconda3/envs/flaskenv/lib/python3.11/site-packages/pycaret/internal/pipeline.py:135: UserWarning: Version mismatch:
current: {'deps_info': {'pip': '23.1.2', 'setuptools': '67.8.0', 'pycaret': '3.0.2', 'IPython': 'Not installed', 'ipywidgets': 'Not installed', 'tqdm': 'Not installed', 'numpy': '1.25.0', 'pandas': '2.0.2', 'jinja2': '3.1.2', 'scipy': '1.10.1', 'joblib': '1.2.0', 'sklearn': '1.2.2', 'pyod': 'Not installed', 'imblearn': '0.10.1', 'category_encoders': 'Not installed', 'lightgbm': 'Not installed', 'numba': 'Not installed', 'requests': 'Not installed', 'matplotlib': 'Not installed', 'scikitplot': 'Not installed', 'yellowbrick': 'Not installed', 'plotly': 'Not installed', 'kaleido': 'Not installed', 'statsmodels': 'Not installed', 'sktime': 'Not installed', 'tbats': 'Not installed', 'pmdarima': 'Not installed', 'psutil': 'Not installed'}, 'python': {'version': '3.11.3', 'machine': 'arm64'}}
pickle: {'deps_info': {'pip': '23.1.2', 'setuptools': '67.7.2', 'pycaret': '3.0.2', 'IPython': '7.34.0', 'ipywidgets': '7.7.1', 'tqdm': '4.65.0', 'numpy': '1.22.4', 'pandas': '1.5.3', 'jinja2': '3.1.2', 'scipy': '1.10.1', 'joblib': '1.2.0', 'sklearn': '1.2.2', 'pyod': '1.0.9', 'imblearn': '0.10.1', 'category_encoders': '2.6.1', 'lightgbm': '3.3.5', 'numba': '0.56.4', 'requests': '2.27.1', 'matplotlib': '3.7.1', 'scikitplot': '0.3.7', 'yellowbrick': '1.5', 'plotly': '5.13.1', 'kaleido': '0.2.1', 'statsmodels': '0.13.5', 'sktime': '0.17.0', 'tbats': '1.1.3', 'pmdarima': '2.0.3', 'psutil': '5.9.5'}, 'python': {'version': '3.10.12', 'machine': 'x86_64'}}
  warnings.warn(

